<?xml version="1.0" encoding="UTF-8"?>
<testng-results ignored="0" total="1" passed="1" failed="0" skipped="0">
  <reporter-output>
  </reporter-output>
  <suite started-at="2024-07-24T17:56:17 IST" name="Default suite" finished-at="2024-07-24T17:56:23 IST" duration-ms="6855">
    <groups>
    </groups>
    <test started-at="2024-07-24T17:56:17 IST" name="Default test" finished-at="2024-07-24T17:56:23 IST" duration-ms="6855">
      <class name="TestCase.HomePageTest">
        <test-method is-config="true" signature="setUp()[pri:0, instance:TestCase.HomePageTest@73e9cf30]" started-at="2024-07-24T17:56:17 IST" name="setUp" finished-at="2024-07-24T17:56:20 IST" duration-ms="3410" status="PASS">
          <reporter-output>
          </reporter-output>
        </test-method> <!-- setUp -->
        <test-method signature="testSearch()[pri:0, instance:TestCase.HomePageTest@73e9cf30]" started-at="2024-07-24T17:56:20 IST" name="testSearch" finished-at="2024-07-24T17:56:23 IST" duration-ms="3117" status="PASS">
          <reporter-output>
          </reporter-output>
        </test-method> <!-- testSearch -->
        <test-method is-config="true" signature="tearDown()[pri:0, instance:TestCase.HomePageTest@73e9cf30]" started-at="2024-07-24T17:56:23 IST" name="tearDown" finished-at="2024-07-24T17:56:23 IST" duration-ms="274" status="PASS">
          <reporter-output>
          </reporter-output>
        </test-method> <!-- tearDown -->
      </class> <!-- TestCase.HomePageTest -->
    </test> <!-- Default test -->
  </suite> <!-- Default suite -->
</testng-results>
