<?xml version="1.0" encoding="UTF-8"?>
<testng-results ignored="0" total="2" passed="2" failed="0" skipped="0">
  <reporter-output>
  </reporter-output>
  <suite started-at="2024-09-16T16:40:13 IST" name="Default suite" finished-at="2024-09-16T16:40:17 IST" duration-ms="4673">
    <groups>
    </groups>
    <test started-at="2024-09-16T16:40:13 IST" name="Default test" finished-at="2024-09-16T16:40:17 IST" duration-ms="4673">
      <class name="Rest.Getmethod">
        <test-method signature="Bdd()[pri:0, instance:Rest.Getmethod@4686afc2]" started-at="2024-09-16T16:40:13 IST" name="Bdd" finished-at="2024-09-16T16:40:16 IST" duration-ms="3542" status="PASS">
          <reporter-output>
          </reporter-output>
        </test-method> <!-- Bdd -->
        <test-method signature="getmethod()[pri:0, instance:Rest.Getmethod@4686afc2]" started-at="2024-09-16T16:40:16 IST" name="getmethod" finished-at="2024-09-16T16:40:17 IST" duration-ms="1048" status="PASS">
          <reporter-output>
          </reporter-output>
        </test-method> <!-- getmethod -->
      </class> <!-- Rest.Getmethod -->
    </test> <!-- Default test -->
  </suite> <!-- Default suite -->
</testng-results>
