<?xml version="1.0" encoding="UTF-8"?>
<!-- Generated by org.testng.reporters.JUnitXMLReporter -->
<testsuite ignored="0" hostname="DESKTOP-CK977I0" failures="1" tests="1" name="Test" time="5.672" errors="0" timestamp="2024-07-23T18:34:30 IST">
  <testcase classname="TestCase.HomePageTest" name="testSearch" time="1.557">
    <failure type="java.lang.AssertionError" message="Page title does not contain &amp;apos;Selenium WebDriver&amp;apos; expected [true] but found [false]">
      <![CDATA[java.lang.AssertionError: Page title does not contain 'Selenium WebDriver' expected [true] but found [false]
at TestCase.HomePageTest.testSearch(HomePageTest.java:39)
at java.base/java.util.ArrayList.forEach(ArrayList.java:1597)
... Removed 28 stack frames]]>
    </failure>
  </testcase> <!-- testSearch -->
</testsuite> <!-- Test -->
