<?xml version="1.0" encoding="UTF-8"?>
<testng-results ignored="0" total="1" passed="1" failed="0" skipped="0">
  <reporter-output>
  </reporter-output>
  <suite started-at="2024-09-21T14:51:52 IST" name="Default suite" finished-at="2024-09-21T14:52:07 IST" duration-ms="15417">
    <groups>
    </groups>
    <test started-at="2024-09-21T14:51:52 IST" name="Default test" finished-at="2024-09-21T14:52:07 IST" duration-ms="15417">
      <class name="playwright.First">
        <test-method signature="start()[pri:0, instance:playwright.First@47faa49c]" started-at="2024-09-21T14:51:52 IST" name="start" finished-at="2024-09-21T14:52:07 IST" duration-ms="15364" status="PASS">
          <reporter-output>
          </reporter-output>
        </test-method> <!-- start -->
      </class> <!-- playwright.First -->
    </test> <!-- Default test -->
  </suite> <!-- Default suite -->
</testng-results>
